[debug] [2024-06-25T15:12:30.101Z] ----------------------------------------------------------------------
[debug] [2024-06-25T15:12:30.105Z] Command:       C:\Program Files\nodejs\node.exe C:\Users\LEOVO\AppData\Roaming\npm\node_modules\firebase-tools\lib\bin\firebase.js login
[debug] [2024-06-25T15:12:30.106Z] CLI Version:   13.11.4
[debug] [2024-06-25T15:12:30.106Z] Platform:      win32
[debug] [2024-06-25T15:12:30.107Z] Node Version:  v20.9.0
[debug] [2024-06-25T15:12:30.107Z] Time:          Tue Jun 25 2024 16:12:30 GMT+0100 (UTC+01:00)
[debug] [2024-06-25T15:12:30.107Z] ----------------------------------------------------------------------
[debug] 
[debug] [2024-06-25T15:12:30.112Z] >>> [apiv2][query] GET https://firebase-public.firebaseio.com/cli.json [none]
[info] i  Firebase optionally collects CLI and Emulator Suite usage and error reporting information to help improve our products. Data is collected in accordance with Google's privacy policy (https://policies.google.com/privacy) and is not used to identify you.
 
[debug] [2024-06-25T15:12:30.686Z] <<< [apiv2][status] GET https://firebase-public.firebaseio.com/cli.json 200
[debug] [2024-06-25T15:12:30.687Z] <<< [apiv2][body] GET https://firebase-public.firebaseio.com/cli.json {"cloudBuildErrorAfter":1594252800000,"cloudBuildWarnAfter":1590019200000,"defaultNode10After":1594252800000,"minVersion":"3.0.5","node8DeploysDisabledAfter":1613390400000,"node8RuntimeDisabledAfter":1615809600000,"node8WarnAfter":1600128000000}
[info] i  To change your data collection preference at any time, run `firebase logout` and log in again. 
[info] 
[info] Visit this URL on this device to log in:
[info] https://accounts.google.com/o/oauth2/auth?client_id=563584335869-fgrhgmd47bqnekij5i8b5pr03ho849e6.apps.googleusercontent.com&scope=email%20openid%20https%3A%2F%2Fwww.googleapis.com%2Fauth%2Fcloudplatformprojects.readonly%20https%3A%2F%2Fwww.googleapis.com%2Fauth%2Ffirebase%20https%3A%2F%2Fwww.googleapis.com%2Fauth%2Fcloud-platform&response_type=code&state=749054796&redirect_uri=http%3A%2F%2Flocalhost%3A9005
[info] 
[info] Waiting for authentication...
[debug] [2024-06-25T15:17:18.264Z] >>> [apiv2][query] POST https://auth.firebase.tools/attest [none]
[debug] [2024-06-25T15:17:18.265Z] >>> [apiv2][body] POST https://auth.firebase.tools/attest {"session_id":"dc045881-58bd-45c1-a4b2-3078202a0249"}
[debug] [2024-06-25T15:17:18.999Z] <<< [apiv2][status] POST https://auth.firebase.tools/attest 200
[debug] [2024-06-25T15:17:19.000Z] <<< [apiv2][body] POST https://auth.firebase.tools/attest {"token":"4vYvl7RDhFU4QAKZtZbcreIsBjXA41XSDyxrDXFmxjU"}
[info] 
[info] To sign in to the Firebase CLI:
[info] 
[info] 1. Take note of your session ID:
[info] 
[info]    DC045
[info] 
[info] 2. Visit the URL below on any device and follow the instructions to get your code:
[info] 
[info]    https://auth.firebase.tools/login?code_challenge=a6SCOZFelIUi97jqqbmrKrH9poGakJcZIxMWz9FSeZM&session=dc045881-58bd-45c1-a4b2-3078202a0249&attest=4vYvl7RDhFU4QAKZtZbcreIsBjXA41XSDyxrDXFmxjU
[info] 
[info] 3. Paste or enter the authorization code below once you have it:
[info] 
